<?xml version="1.0" encoding="UTF-8"?>
<Invoice xmlns="urn:oasis:names:specification:ubl:schema:xsd:Invoice-2"
         xmlns:cac="urn:oasis:names:specification:ubl:schema:xsd:CommonAggregateComponents-2"
         xmlns:cbc="urn:oasis:names:specification:ubl:schema:xsd:CommonBasicComponents-2">
  
  <!-- Invoice Header -->
  <cbc:ID>TEST-2024-001</cbc:ID>
  <cbc:IssueDate>2024-10-07</cbc:IssueDate>
  <cbc:DocumentCurrencyCode>EUR</cbc:DocumentCurrencyCode>
  <cbc:CustomizationID>urn:cen.eu:en16931:2017#compliant#urn:xoev-de:kosit:standard:xrechnung_2.3</cbc:CustomizationID>
  
  <!-- Seller Information -->
  <cac:AccountingSupplierParty>
    <cac:Party>
      <cac:PartyName>
        <cbc:Name>Test Supplier GmbH</cbc:Name>
      </cac:PartyName>
      <cac:PostalAddress>
        <cbc:StreetName>Test Street 123</cbc:StreetName>
        <cbc:CityName>Berlin</cbc:CityName>
        <cbc:PostalZone>10115</cbc:PostalZone>
        <cbc:CountryIdentificationCode>DE</cbc:CountryIdentificationCode>
      </cac:PostalAddress>
      <cac:PartyTaxScheme>
        <cbc:CompanyID>DE123456789</cbc:CompanyID>
        <cac:TaxScheme>
          <cbc:ID>VAT</cbc:ID>
        </cac:TaxScheme>
      </cac:PartyTaxScheme>
    </cac:Party>
  </cac:AccountingSupplierParty>
  
  <!-- Buyer Information -->
  <cac:AccountingCustomerParty>
    <cac:Party>
      <cac:PartyName>
        <cbc:Name>Test Customer Ltd</cbc:Name>
      </cac:PartyName>
      <cac:PostalAddress>
        <cbc:StreetName>Customer Street 456</cbc:StreetName>
        <cbc:CityName>Munich</cbc:CityName>
        <cbc:PostalZone>80331</cbc:PostalZone>
        <cbc:CountryIdentificationCode>DE</cbc:CountryIdentificationCode>
      </cac:PostalAddress>
    </cac:Party>
  </cac:AccountingCustomerParty>
  
  <!-- Invoice Lines -->
  <cac:InvoiceLine>
    <cbc:ID>1</cbc:ID>
    <cbc:InvoicedQuantity unitCode="HUR">10</cbc:InvoicedQuantity>
    <cbc:LineExtensionAmount currencyID="EUR">1000.00</cbc:LineExtensionAmount>
    <cac:Item>
      <cbc:Name>Test Service</cbc:Name>
    </cac:Item>
    <cac:Price>
      <cbc:PriceAmount currencyID="EUR">100.00</cbc:PriceAmount>
    </cac:Price>
  </cac:InvoiceLine>
  
  <!-- Tax Total -->
  <cac:TaxTotal>
    <cbc:TaxAmount currencyID="EUR">190.00</cbc:TaxAmount>
    <cac:TaxSubtotal>
      <cbc:TaxableAmount currencyID="EUR">1000.00</cbc:TaxableAmount>
      <cbc:TaxAmount currencyID="EUR">190.00</cbc:TaxAmount>
      <cac:TaxCategory>
        <cbc:ID>S</cbc:ID>
        <cbc:Percent>19</cbc:Percent>
        <cac:TaxScheme>
          <cbc:ID>VAT</cbc:ID>
        </cac:TaxScheme>
      </cac:TaxCategory>
    </cac:TaxSubtotal>
  </cac:TaxTotal>
  
  <!-- Monetary Total -->
  <cac:LegalMonetaryTotal>
    <cbc:LineExtensionAmount currencyID="EUR">1000.00</cbc:LineExtensionAmount>
    <cbc:TaxExclusiveAmount currencyID="EUR">1000.00</cbc:TaxExclusiveAmount>
    <cbc:TaxInclusiveAmount currencyID="EUR">1190.00</cbc:TaxInclusiveAmount>
    <cbc:PayableAmount currencyID="EUR">1190.00</cbc:PayableAmount>
  </cac:LegalMonetaryTotal>
  
</Invoice>